<?xml version="1.0" encoding="UTF-8"?>
<testsuites>
  <testsuite name="" tests="3" assertions="2" errors="1" failures="0" skipped="0" time="0.048571">
    <testsuite name="Feature" tests="1" assertions="1" errors="0" failures="0" skipped="0" time="0.033873">
      <testsuite name="Tests\Feature\ExampleTest" file="/var/www/html/hello-laravel/tests/Feature/ExampleTest.php" tests="1" assertions="1" errors="0" failures="0" skipped="0" time="0.033873">
        <testcase name="testBasicTest" class="Tests\Feature\ExampleTest" classname="Tests.Feature.ExampleTest" file="/var/www/html/hello-laravel/tests/Feature/ExampleTest.php" line="15" assertions="1" time="0.033873"/>
      </testsuite>
    </testsuite>
    <testsuite name="Unit" tests="2" assertions="1" errors="1" failures="0" skipped="0" time="0.014698">
      <testsuite name="Tests\Unit\ExampleTest" file="/var/www/html/hello-laravel/tests/Unit/ExampleTest.php" tests="1" assertions="1" errors="0" failures="0" skipped="0" time="0.001807">
        <testcase name="testBasicTest" class="Tests\Unit\ExampleTest" classname="Tests.Unit.ExampleTest" file="/var/www/html/hello-laravel/tests/Unit/ExampleTest.php" line="15" assertions="1" time="0.001807"/>
      </testsuite>
      <testsuite name="Tests\Unit\IlioTest" file="/var/www/html/hello-laravel/tests/Unit/IlioTest.php" tests="1" assertions="0" errors="1" failures="0" skipped="0" time="0.012891">
        <testcase name="testExample" class="Tests\Unit\IlioTest" classname="Tests.Unit.IlioTest" file="/var/www/html/hello-laravel/tests/Unit/IlioTest.php" line="16" assertions="0" time="0.012891">
          <error type="Illuminate\Database\QueryException">Tests\Unit\IlioTest::testExample
Illuminate\Database\QueryException: SQLSTATE[HY000]: General error: 1 no such table: ilios (SQL: insert into "ilios" ("name", "email", "updated_at", "created_at") values (Mrs. Autumn Grady, tondricka@example.net, 2017-10-03 16:22:14, 2017-10-03 16:22:14))

/var/www/html/hello-laravel/vendor/laravel/framework/src/Illuminate/Database/Connection.php:664
/var/www/html/hello-laravel/vendor/laravel/framework/src/Illuminate/Database/Connection.php:624
/var/www/html/hello-laravel/vendor/laravel/framework/src/Illuminate/Database/Connection.php:459
/var/www/html/hello-laravel/vendor/laravel/framework/src/Illuminate/Database/Connection.php:411
/var/www/html/hello-laravel/vendor/laravel/framework/src/Illuminate/Database/Query/Processors/Processor.php:32
/var/www/html/hello-laravel/vendor/laravel/framework/src/Illuminate/Database/Query/Builder.php:2135
/var/www/html/hello-laravel/vendor/laravel/framework/src/Illuminate/Database/Eloquent/Builder.php:1270
/var/www/html/hello-laravel/vendor/laravel/framework/src/Illuminate/Database/Eloquent/Model.php:708
/var/www/html/hello-laravel/vendor/laravel/framework/src/Illuminate/Database/Eloquent/Model.php:673
/var/www/html/hello-laravel/vendor/laravel/framework/src/Illuminate/Database/Eloquent/Model.php:536
/var/www/html/hello-laravel/vendor/laravel/framework/src/Illuminate/Database/Eloquent/FactoryBuilder.php:172
/var/www/html/hello-laravel/vendor/laravel/framework/src/Illuminate/Support/Collection.php:338
/var/www/html/hello-laravel/vendor/laravel/framework/src/Illuminate/Database/Eloquent/FactoryBuilder.php:173
/var/www/html/hello-laravel/vendor/laravel/framework/src/Illuminate/Database/Eloquent/FactoryBuilder.php:153
/var/www/html/hello-laravel/tests/Unit/IlioTest.php:18
</error>
        </testcase>
      </testsuite>
    </testsuite>
  </testsuite>
</testsuites>
